Determining if the pthread_create exist failed with the following output:
Change Dir: /home/dima/DIMA/DIMA_Control_Project/teensy_tests/build/CMakeFiles/CMakeTmp

Run Build Command:"/usr/bin/make" "cmTC_ee820/fast"
/usr/bin/make -f CMakeFiles/cmTC_ee820.dir/build.make CMakeFiles/cmTC_ee820.dir/build
make[1]: Entering directory '/home/dima/DIMA/DIMA_Control_Project/teensy_tests/build/CMakeFiles/CMakeTmp'
Building C object CMakeFiles/cmTC_ee820.dir/CheckSymbolExists.c.o
/usr/bin/cc   -fPIE   -o CMakeFiles/cmTC_ee820.dir/CheckSymbolExists.c.o   -c /home/dima/DIMA/DIMA_Control_Project/teensy_tests/build/CMakeFiles/CMakeTmp/CheckSymbolExists.c
Linking C executable cmTC_ee820
/usr/bin/cmake -E cmake_link_script CMakeFiles/cmTC_ee820.dir/link.txt --verbose=1
/usr/bin/cc      CMakeFiles/cmTC_ee820.dir/CheckSymbolExists.c.o  -o cmTC_ee820 
CMakeFiles/cmTC_ee820.dir/CheckSymbolExists.c.o: In function `main':
CheckSymbolExists.c:(.text+0x14): undefined reference to `pthread_create'
CheckSymbolExists.c:(.text+0x18): undefined reference to `pthread_create'
collect2: error: ld returned 1 exit status
CMakeFiles/cmTC_ee820.dir/build.make:97: recipe for target 'cmTC_ee820' failed
make[1]: *** [cmTC_ee820] Error 1
make[1]: Leaving directory '/home/dima/DIMA/DIMA_Control_Project/teensy_tests/build/CMakeFiles/CMakeTmp'
Makefile:126: recipe for target 'cmTC_ee820/fast' failed
make: *** [cmTC_ee820/fast] Error 2

File /home/dima/DIMA/DIMA_Control_Project/teensy_tests/build/CMakeFiles/CMakeTmp/CheckSymbolExists.c:
/* */
#include <pthread.h>

int main(int argc, char** argv)
{
  (void)argv;
#ifndef pthread_create
  return ((int*)(&pthread_create))[argc];
#else
  (void)argc;
  return 0;
#endif
}

Determining if the function pthread_create exists in the pthreads failed with the following output:
Change Dir: /home/dima/DIMA/DIMA_Control_Project/teensy_tests/build/CMakeFiles/CMakeTmp

Run Build Command:"/usr/bin/make" "cmTC_72e09/fast"
/usr/bin/make -f CMakeFiles/cmTC_72e09.dir/build.make CMakeFiles/cmTC_72e09.dir/build
make[1]: Entering directory '/home/dima/DIMA/DIMA_Control_Project/teensy_tests/build/CMakeFiles/CMakeTmp'
Building C object CMakeFiles/cmTC_72e09.dir/CheckFunctionExists.c.o
/usr/bin/cc   -DCHECK_FUNCTION_EXISTS=pthread_create -fPIE   -o CMakeFiles/cmTC_72e09.dir/CheckFunctionExists.c.o   -c /usr/share/cmake-3.10/Modules/CheckFunctionExists.c
Linking C executable cmTC_72e09
/usr/bin/cmake -E cmake_link_script CMakeFiles/cmTC_72e09.dir/link.txt --verbose=1
/usr/bin/cc  -DCHECK_FUNCTION_EXISTS=pthread_create    CMakeFiles/cmTC_72e09.dir/CheckFunctionExists.c.o  -o cmTC_72e09 -lpthreads 
/usr/bin/ld: cannot find -lpthreads
collect2: error: ld returned 1 exit status
CMakeFiles/cmTC_72e09.dir/build.make:97: recipe for target 'cmTC_72e09' failed
make[1]: *** [cmTC_72e09] Error 1
make[1]: Leaving directory '/home/dima/DIMA/DIMA_Control_Project/teensy_tests/build/CMakeFiles/CMakeTmp'
Makefile:126: recipe for target 'cmTC_72e09/fast' failed
make: *** [cmTC_72e09/fast] Error 2


Performing C SOURCE FILE Test HIDAPI_ICONV_CONST failed with the following output:
Change Dir: /home/dima/DIMA/DIMA_Control_Project/teensy_tests/build/CMakeFiles/CMakeTmp

Run Build Command:"/usr/bin/make" "cmTC_5c300/fast"
/usr/bin/make -f CMakeFiles/cmTC_5c300.dir/build.make CMakeFiles/cmTC_5c300.dir/build
make[1]: Entering directory '/home/dima/DIMA/DIMA_Control_Project/teensy_tests/build/CMakeFiles/CMakeTmp'
Building C object CMakeFiles/cmTC_5c300.dir/src.c.o
/usr/bin/cc   -DHIDAPI_ICONV_CONST -fPIE   -o CMakeFiles/cmTC_5c300.dir/src.c.o   -c /home/dima/DIMA/DIMA_Control_Project/teensy_tests/build/CMakeFiles/CMakeTmp/src.c
/home/dima/DIMA/DIMA_Control_Project/teensy_tests/build/CMakeFiles/CMakeTmp/src.c:2:27: error: conflicting types for ‘iconv’
             extern size_t iconv (iconv_t cd, const char **inbuf, size_t *inbytesleft, char **outbuf, size_t *outbytesleft);
                           ^~~~~
In file included from /home/dima/DIMA/DIMA_Control_Project/teensy_tests/build/CMakeFiles/CMakeTmp/src.c:1:0:
/usr/include/iconv.h:42:15: note: previous declaration of ‘iconv’ was here
 extern size_t iconv (iconv_t __cd, char **__restrict __inbuf,
               ^~~~~
CMakeFiles/cmTC_5c300.dir/build.make:65: recipe for target 'CMakeFiles/cmTC_5c300.dir/src.c.o' failed
make[1]: *** [CMakeFiles/cmTC_5c300.dir/src.c.o] Error 1
make[1]: Leaving directory '/home/dima/DIMA/DIMA_Control_Project/teensy_tests/build/CMakeFiles/CMakeTmp'
Makefile:126: recipe for target 'cmTC_5c300/fast' failed
make: *** [cmTC_5c300/fast] Error 2

Source file was:
#include<iconv.h>
            extern size_t iconv (iconv_t cd, const char **inbuf, size_t *inbytesleft, char **outbuf, size_t *outbytesleft);
            int main() {}
