Determining if the pthread_create exist failed with the following output:
Change Dir: /home/uct/DIMA/DIMA_Control_Project/Jetson_Control/build/CMakeFiles/CMakeTmp

Run Build Command:"/usr/bin/make" "cmTC_475fc/fast"
/usr/bin/make -f CMakeFiles/cmTC_475fc.dir/build.make CMakeFiles/cmTC_475fc.dir/build
make[1]: Entering directory '/home/uct/DIMA/DIMA_Control_Project/Jetson_Control/build/CMakeFiles/CMakeTmp'
Building C object CMakeFiles/cmTC_475fc.dir/CheckSymbolExists.c.o
/usr/bin/cc    -o CMakeFiles/cmTC_475fc.dir/CheckSymbolExists.c.o   -c /home/uct/DIMA/DIMA_Control_Project/Jetson_Control/build/CMakeFiles/CMakeTmp/CheckSymbolExists.c
Linking C executable cmTC_475fc
/usr/bin/cmake -E cmake_link_script CMakeFiles/cmTC_475fc.dir/link.txt --verbose=1
/usr/bin/cc      CMakeFiles/cmTC_475fc.dir/CheckSymbolExists.c.o  -o cmTC_475fc 
CMakeFiles/cmTC_475fc.dir/CheckSymbolExists.c.o: In function `main':
CheckSymbolExists.c:(.text+0x14): undefined reference to `pthread_create'
CheckSymbolExists.c:(.text+0x18): undefined reference to `pthread_create'
collect2: error: ld returned 1 exit status
CMakeFiles/cmTC_475fc.dir/build.make:97: recipe for target 'cmTC_475fc' failed
make[1]: *** [cmTC_475fc] Error 1
make[1]: Leaving directory '/home/uct/DIMA/DIMA_Control_Project/Jetson_Control/build/CMakeFiles/CMakeTmp'
Makefile:126: recipe for target 'cmTC_475fc/fast' failed
make: *** [cmTC_475fc/fast] Error 2

File /home/uct/DIMA/DIMA_Control_Project/Jetson_Control/build/CMakeFiles/CMakeTmp/CheckSymbolExists.c:
/* */
#include <pthread.h>

int main(int argc, char** argv)
{
  (void)argv;
#ifndef pthread_create
  return ((int*)(&pthread_create))[argc];
#else
  (void)argc;
  return 0;
#endif
}

